<?xml version="1.0" encoding="UTF-8"?>
<testsuite name="PlayerTest" tests="1" skipped="0" failures="0" errors="0" timestamp="2022-12-08T21:58:46" hostname="Jacks-MacBook-Pro-6.local" time="0.005">
  <properties/>
  <testcase name="getters_shouldReturnCorrectValues_afterPlayerIsCreated()" classname="PlayerTest" time="0.005"/>
  <system-out><![CDATA[Player test: check that the values set by Player(playerNo) and setName(name) are returned correctly by getters
	Testing for Player(0): getPlayerName() = Mary, getPlayerNo() = 0, getGamepieceSet() = model.GamepieceSet@6e8d5be5 {T4=model.Gamepiece@5aaa1472(Locations =[model.Location@43344dc5(x=0,y=0), model.Location@765567b0(x=-1,y=0), model.Location@c5f0c87(x=1,y=0), model.Location@6dc90fa(x=0,y=1)],playerNo=0), T5=model.Gamepiece@6767af81(Locations =[model.Location@3a523c3a(x=0,y=0), model.Location@4e1d24c3(x=1,y=0), model.Location@2ca426ba(x=-1,y=0), model.Location@76659f08(x=0,y=1), model.Location@5dfdde12(x=0,y=2)],playerNo=0), O4=model.Gamepiece@7ae1c252(Locations =[model.Location@777dba42(x=0,y=0), model.Location@2d3ae67a(x=0,y=1), model.Location@1e04a081(x=1,y=1), model.Location@6a030241(x=1,y=0)],playerNo=0), F=model.Gamepiece@70b61ae9(Locations =[model.Location@a453bb3(x=0,y=0), model.Location@317e92d2(x=-1,y=0), model.Location@439d8fb6(x=0,y=-1), model.Location@3bca47e(x=0,y=1), model.Location@20078f19(x=1,y=1)],playerNo=0), I1=model.Gamepiece@652a71c9(Locations =[model.Location@4ae5a2e5(x=0,y=0)],playerNo=0), L4=model.Gamepiece@2c1c6093(Locations =[model.Location@30ff5d4e(x=0,y=0), model.Location@66dd6a1(x=0,y=1), model.Location@61f8be03(x=0,y=2), model.Location@2e2f4257(x=1,y=0)],playerNo=0), I2=model.Gamepiece@64707ff1(Locations =[model.Location@c407500(x=0,y=0), model.Location@286cca2d(x=0,y=1)],playerNo=0), L5=model.Gamepiece@7c05188d(Locations =[model.Location@1b6d7f0b(x=0,y=0), model.Location@140ae113(x=0,y=1), model.Location@5af96c1d(x=1,y=0), model.Location@eecd6bf(x=2,y=0), model.Location@7e09754e(x=3,y=0)],playerNo=0), I3=model.Gamepiece@3dc811e5(Locations =[model.Location@2cc00bc5(x=0,y=0), model.Location@447169cc(x=0,y=1), model.Location@7167c709(x=0,y=2)],playerNo=0), I4=model.Gamepiece@c5da7f9(Locations =[model.Location@206f0b94(x=0,y=0), model.Location@6f9f395c(x=0,y=1), model.Location@200ff429(x=0,y=2), model.Location@410cfdbe(x=0,y=3)],playerNo=0), I5=model.Gamepiece@19676da0(Locations =[model.Location@f24e209(x=0,y=0), model.Location@50d5f178(x=0,y=1), model.Location@761217d1(x=0,y=2), model.Location@543a7ede(x=0,y=3), model.Location@7c26eafa(x=0,y=4)],playerNo=0), N=model.Gamepiece@3878a37(Locations =[model.Location@65cda909(x=0,y=0), model.Location@6286e7e0(x=0,y=-1), model.Location@29bcb070(x=-1,y=-1), model.Location@16d54142(x=1,y=0), model.Location@1e582770(x=2,y=0)],playerNo=0), P=model.Gamepiece@4b347abc(Locations =[model.Location@7476c9a(x=0,y=0), model.Location@3b24f261(x=1,y=0), model.Location@649831d2(x=0,y=-1), model.Location@c115667(x=1,y=-1), model.Location@308ed8c3(x=0,y=-2)],playerNo=0), U=model.Gamepiece@2c259349(Locations =[model.Location@91621be(x=0,y=0), model.Location@fb2ec95(x=0,y=1), model.Location@49bc6560(x=1,y=1), model.Location@490308c5(x=0,y=-1), model.Location@71a0cb8a(x=1,y=-1)],playerNo=0), W=model.Gamepiece@69ee476f(Locations =[model.Location@43d3b857(x=0,y=0), model.Location@12c7c5c8(x=-1,y=0), model.Location@65ccb081(x=-1,y=-1), model.Location@7e025668(x=0,y=1), model.Location@204d48ff(x=1,y=1)],playerNo=0), X=model.Gamepiece@c0820bb(Locations =[model.Location@c40c103(x=0,y=0), model.Location@609d77f5(x=1,y=0), model.Location@2addd1a9(x=-1,y=0), model.Location@671d31b1(x=0,y=1), model.Location@6ddfac88(x=0,y=-1)],playerNo=0), Y=model.Gamepiece@66f64c19(Locations =[model.Location@22e299f7(x=0,y=0), model.Location@2cfca4a3(x=0,y=1), model.Location@3c57f658(x=1,y=0), model.Location@6895e34f(x=2,y=0), model.Location@5e0ee28b(x=-1,y=0)],playerNo=0), Z4=model.Gamepiece@171e9c55(Locations =[model.Location@14784dd8(x=0,y=0), model.Location@53304b83(x=0,y=1), model.Location@7a83e1d4(x=1,y=1), model.Location@199c36e5(x=-1,y=0)],playerNo=0), Z5=model.Gamepiece@4fdcae83(Locations =[model.Location@1e6198a8(x=0,y=0), model.Location@7b0947f1(x=-1,y=0), model.Location@3da7d6b(x=-1,y=-1), model.Location@29d87325(x=1,y=0), model.Location@3bee0a6e(x=1,y=1)],playerNo=0), V3=model.Gamepiece@ae9e42d(Locations =[model.Location@5a88e13e(x=0,y=0), model.Location@3023e011(x=0,y=1), model.Location@7b552101(x=1,y=0)],playerNo=0), V5=model.Gamepiece@3e587aca(Locations =[model.Location@2344ed2e(x=0,y=0), model.Location@c48b23f(x=0,y=1), model.Location@5e47d79e(x=0,y=2), model.Location@233468b6(x=1,y=0), model.Location@279ddc63(x=2,y=0)],playerNo=0)}
	Testing for Player(1): getPlayerName() = John, getPlayerNo() = 1, getGamepieceSet() = model.GamepieceSet@5440cf63 {T4=model.Gamepiece@e968a8d(Locations =[model.Location@e673231(x=0,y=0), model.Location@4750895a(x=-1,y=0), model.Location@4306a026(x=1,y=0), model.Location@79fe8829(x=0,y=1)],playerNo=1), T5=model.Gamepiece@4e3fcb9d(Locations =[model.Location@de68159(x=0,y=0), model.Location@7b970753(x=1,y=0), model.Location@76a567c8(x=-1,y=0), model.Location@467629a2(x=0,y=1), model.Location@7f23947c(x=0,y=2)],playerNo=1), O4=model.Gamepiece@3ccda954(Locations =[model.Location@610b1222(x=0,y=0), model.Location@16471c98(x=0,y=1), model.Location@75a4ea58(x=1,y=1), model.Location@24726ab1(x=1,y=0)],playerNo=1), F=model.Gamepiece@1dd1f61f(Locations =[model.Location@335c8ae1(x=0,y=0), model.Location@61f850f8(x=-1,y=0), model.Location@56689994(x=0,y=-1), model.Location@449bec48(x=0,y=1), model.Location@13476db8(x=1,y=1)],playerNo=1), I1=model.Gamepiece@309b90b8(Locations =[model.Location@22ad0b06(x=0,y=0)],playerNo=1), L4=model.Gamepiece@39cf4ab7(Locations =[model.Location@114dca9b(x=0,y=0), model.Location@7dbf965a(x=0,y=1), model.Location@378057d0(x=0,y=2), model.Location@74592965(x=1,y=0)],playerNo=1), I2=model.Gamepiece@bbf3c67(Locations =[model.Location@a33760c(x=0,y=0), model.Location@3fb88e4d(x=0,y=1)],playerNo=1), L5=model.Gamepiece@2979ade(Locations =[model.Location@7039c2ef(x=0,y=0), model.Location@61ab49f2(x=0,y=1), model.Location@1a9a796c(x=1,y=0), model.Location@2465518b(x=2,y=0), model.Location@1a75d152(x=3,y=0)],playerNo=1), I3=model.Gamepiece@212aff37(Locations =[model.Location@68b2b367(x=0,y=0), model.Location@66d54ef3(x=0,y=1), model.Location@521efc3a(x=0,y=2)],playerNo=1), I4=model.Gamepiece@24bb6209(Locations =[model.Location@59efc472(x=0,y=0), model.Location@1581bb6a(x=0,y=1), model.Location@30db7acc(x=0,y=2), model.Location@4f8ffdf4(x=0,y=3)],playerNo=1), I5=model.Gamepiece@68647c23(Locations =[model.Location@70a6d0ae(x=0,y=0), model.Location@1b40c96c(x=0,y=1), model.Location@2b90e7ad(x=0,y=2), model.Location@60de0398(x=0,y=3), model.Location@26bb9c8d(x=0,y=4)],playerNo=1), N=model.Gamepiece@3b2d2a9f(Locations =[model.Location@172c0fd8(x=0,y=0), model.Location@7fe1c66(x=0,y=-1), model.Location@7ddba7e0(x=-1,y=-1), model.Location@2ff01316(x=1,y=0), model.Location@58559bff(x=2,y=0)],playerNo=1), P=model.Gamepiece@2f3fa1bf(Locations =[model.Location@ffbe71f(x=0,y=0), model.Location@20bc2d55(x=1,y=0), model.Location@54c2c0de(x=0,y=-1), model.Location@622b1a0(x=1,y=-1), model.Location@56316d64(x=0,y=-2)],playerNo=1), U=model.Gamepiece@17262472(Locations =[model.Location@5520d278(x=0,y=0), model.Location@469cd6cd(x=0,y=1), model.Location@1b9bd937(x=1,y=1), model.Location@3db87b82(x=0,y=-1), model.Location@6ed8cd5f(x=1,y=-1)],playerNo=1), W=model.Gamepiece@4ed254f7(Locations =[model.Location@bc56e7b(x=0,y=0), model.Location@75df60ea(x=-1,y=0), model.Location@5dc5e93b(x=-1,y=-1), model.Location@16c6b98(x=0,y=1), model.Location@21fa6b78(x=1,y=1)],playerNo=1), X=model.Gamepiece@2fac879d(Locations =[model.Location@5dd22f62(x=0,y=0), model.Location@3f80bfeb(x=1,y=0), model.Location@4dd3b2c8(x=-1,y=0), model.Location@6885480(x=0,y=1), model.Location@4aedc20c(x=0,y=-1)],playerNo=1), Y=model.Gamepiece@70a8435d(Locations =[model.Location@20bdea72(x=0,y=0), model.Location@64d586b1(x=0,y=1), model.Location@408cc585(x=1,y=0), model.Location@728cd462(x=2,y=0), model.Location@3d2d5e3b(x=-1,y=0)],playerNo=1), Z4=model.Gamepiece@7585a721(Locations =[model.Location@5303f4f9(x=0,y=0), model.Location@47b8053f(x=0,y=1), model.Location@10b35775(x=1,y=1), model.Location@48d756ed(x=-1,y=0)],playerNo=1), Z5=model.Gamepiece@4bfc732(Locations =[model.Location@3a9bb67(x=0,y=0), model.Location@9ab4c98(x=-1,y=0), model.Location@7b39137e(x=-1,y=-1), model.Location@1c5dd7c(x=1,y=0), model.Location@4ff93ca0(x=1,y=1)],playerNo=1), V3=model.Gamepiece@1c65664b(Locations =[model.Location@2ff4345a(x=0,y=0), model.Location@7532e5(x=0,y=1), model.Location@66f1277(x=1,y=0)],playerNo=1), V5=model.Gamepiece@318f7bcf(Locations =[model.Location@3fd7df40(x=0,y=0), model.Location@169c3045(x=0,y=1), model.Location@681e644b(x=0,y=2), model.Location@22853b84(x=1,y=0), model.Location@23a9dd4b(x=2,y=0)],playerNo=1)}
]]></system-out>
  <system-err><![CDATA[]]></system-err>
</testsuite>
